<?xml version="1.0" encoding="UTF-8"?>
<!-- Generated by org.testng.reporters.JUnitReportReporter -->
<testsuite hostname="DESKTOP-J80IKB4" name="TestScenarios.MobileTest" tests="9" failures="0" timestamp="21 Mar 2021 03:25:38 GMT" time="52.281" errors="0">
  <testcase name="selectBuildingAge" time="11.779" classname="TestScenarios.MobileTest"/>
  <testcase name="gotoForSalePage" time="3.316" classname="TestScenarios.MobileTest"/>
  <testcase name="gotoFilterSection" time="5.313" classname="TestScenarios.MobileTest"/>
  <testcase name="selectResults" time="3.161" classname="TestScenarios.MobileTest"/>
  <testcase name="selectCityPart" time="5.103" classname="TestScenarios.MobileTest"/>
  <testcase name="mobileTest" time="14.591" classname="TestScenarios.MobileTest"/>
  <testcase name="selectCategoryPart" time="0.351" classname="TestScenarios.MobileTest"/>
  <testcase name="verifyFilterBar" time="3.079" classname="TestScenarios.MobileTest"/>
  <testcase name="selectCountyPart" time="5.588" classname="TestScenarios.MobileTest"/>
</testsuite> <!-- TestScenarios.MobileTest -->
